0 verbose cli /usr/local/bin/node /usr/local/bin/npm
1 info using npm@10.9.2
2 info using node@v22.13.1
3 silly config load:file:/usr/local/lib/node_modules/npm/npmrc
4 silly config load:file:/Users/pedrohenrique/Desktop/Dragon-SX2000/.npmrc
5 silly config load:file:/Users/pedrohenrique/.npmrc
6 silly config load:file:/usr/local/etc/npmrc
7 verbose title npm install lucide
8 verbose argv "install" "lucide" "--cache" ".npm-cache"
9 verbose logfile logs-max:10 dir:/Users/pedrohenrique/Desktop/Dragon-SX2000/.npm-cache/_logs/2026-03-01T00_03_01_286Z-
10 verbose logfile /Users/pedrohenrique/Desktop/Dragon-SX2000/.npm-cache/_logs/2026-03-01T00_03_01_286Z-debug-0.log
11 silly logfile done cleaning log files
12 silly packumentCache heap:2197815296 maxSize:549453824 maxEntrySize:274726912
13 silly idealTree buildDeps
14 silly fetch manifest lucide@*
15 silly packumentCache full:https://registry.npmjs.org/lucide cache-miss
16 http fetch GET 200 https://registry.npmjs.org/lucide 231ms (cache miss)
17 silly packumentCache full:https://registry.npmjs.org/lucide set size:undefined disposed:false
18 silly placeDep ROOT lucide@0.575.0 OK for: dragon-sx2000@1.0.0 want: *
19 silly reify moves {}
20 silly audit bulk request { lucide: [ '0.575.0' ] }
21 http cache lucide@https://registry.npmjs.org/lucide/-/lucide-0.575.0.tgz 0ms (cache hit)
22 silly tarball no local data for lucide@https://registry.npmjs.org/lucide/-/lucide-0.575.0.tgz. Extracting by manifest.
23 http fetch POST 200 https://registry.npmjs.org/-/npm/v1/security/advisories/bulk 255ms
24 silly audit report {}
25 http fetch GET 200 https://registry.npmjs.org/lucide/-/lucide-0.575.0.tgz 575ms (cache miss)
26 silly ADD node_modules/lucide
27 verbose cwd /Users/pedrohenrique/Desktop/Dragon-SX2000
28 verbose os Darwin 25.2.0
29 verbose node v22.13.1
30 verbose npm  v10.9.2
31 verbose exit 0
32 info ok
